<?xml version="1.0" encoding="UTF-8"?>
<!-- Generated by org.testng.reporters.JUnitXMLReporter -->
<testsuite ignored="0" hostname="DESKTOP-24CUK9I" failures="0" tests="10" name="Default test" time="16.407" errors="0" timestamp="2024-03-26T10:46:38 IST">
  <testcase classname="api.TestCases.DataDrivenTest" name="get_Users" time="2.85"/>
  <testcase classname="api.TestCases.DataDrivenTest" name="get_Users" time="1.498"/>
  <testcase classname="api.TestCases.DataDrivenTest" name="get_Users" time="1.478"/>
  <testcase classname="api.TestCases.DataDrivenTest" name="get_Users" time="1.432"/>
  <testcase classname="api.TestCases.DataDrivenTest" name="get_Users" time="1.324"/>
  <testcase classname="api.TestCases.DataDrivenTest" name="get_Users" time="1.345"/>
  <testcase classname="api.TestCases.DataDrivenTest" name="get_Users" time="1.373"/>
  <testcase classname="api.TestCases.DataDrivenTest" name="get_Users" time="1.512"/>
  <testcase classname="api.TestCases.DataDrivenTest" name="get_Users" time="1.398"/>
  <testcase classname="api.TestCases.DataDrivenTest" name="get_Users" time="1.385"/>
</testsuite> <!-- Default test -->
