<?xml version="1.0" encoding="UTF-8"?>
<!-- Generated by org.testng.reporters.JUnitXMLReporter -->
<testsuite ignored="0" hostname="DESKTOP-24CUK9I" failures="0" tests="10" name="Test" time="16.924" errors="0" timestamp="2024-03-26T14:03:16 IST">
  <testcase classname="api.TestCases.DataDrivenTest" name="get_Users" time="2.559"/>
  <testcase classname="api.TestCases.DataDrivenTest" name="get_Users" time="1.378"/>
  <testcase classname="api.TestCases.DataDrivenTest" name="get_Users" time="1.403"/>
  <testcase classname="api.TestCases.DataDrivenTest" name="get_Users" time="1.316"/>
  <testcase classname="api.TestCases.DataDrivenTest" name="get_Users" time="1.347"/>
  <testcase classname="api.TestCases.DataDrivenTest" name="get_Users" time="1.658"/>
  <testcase classname="api.TestCases.DataDrivenTest" name="get_Users" time="1.835"/>
  <testcase classname="api.TestCases.DataDrivenTest" name="get_Users" time="1.644"/>
  <testcase classname="api.TestCases.DataDrivenTest" name="get_Users" time="1.479"/>
  <testcase classname="api.TestCases.DataDrivenTest" name="get_Users" time="1.355"/>
</testsuite> <!-- Test -->
