<?xml version="1.0" encoding="UTF-8"?>
<!-- Generated by org.testng.reporters.JUnitXMLReporter -->
<testsuite ignored="0" hostname="DESKTOP-24CUK9I" failures="0" tests="4" name="Test" time="7.997" errors="0" timestamp="2024-03-26T15:15:04 IST">
  <testcase classname="api.TestCases.TestUserModule" name="test_Post_User" time="2.703"/>
  <testcase classname="api.TestCases.TestUserModule" name="test_Get_User" time="1.238"/>
  <testcase classname="api.TestCases.TestUserModule" name="test_Update_User" time="2.553"/>
  <testcase classname="api.TestCases.TestUserModule" name="test_Delete_User" time="1.191"/>
</testsuite> <!-- Test -->
