<?xml version="1.0" encoding="UTF-8"?>
<testng-results ignored="0" total="4" passed="4" failed="0" skipped="0">
  <reporter-output>
  </reporter-output>
  <suite started-at="2024-03-26T15:14:55 IST" name="Suite" finished-at="2024-03-26T15:15:03 IST" duration-ms="7997">
    <groups>
    </groups>
    <test started-at="2024-03-26T15:14:55 IST" name="Test" finished-at="2024-03-26T15:15:03 IST" duration-ms="7997">
      <class name="api.TestCases.TestUserModule">
        <test-method is-config="true" signature="setData()[pri:0, instance:api.TestCases.TestUserModule@14dd9eb7]" started-at="2024-03-26T15:14:55 IST" name="setData" finished-at="2024-03-26T15:14:56 IST" duration-ms="156" status="PASS">
          <reporter-output>
          </reporter-output>
        </test-method> <!-- setData -->
        <test-method signature="test_Post_User()[pri:1, instance:api.TestCases.TestUserModule@14dd9eb7]" started-at="2024-03-26T15:14:56 IST" name="test_Post_User" finished-at="2024-03-26T15:14:58 IST" duration-ms="2703" status="PASS">
          <reporter-output>
          </reporter-output>
        </test-method> <!-- test_Post_User -->
        <test-method signature="test_Get_User()[pri:2, instance:api.TestCases.TestUserModule@14dd9eb7]" started-at="2024-03-26T15:14:58 IST" name="test_Get_User" finished-at="2024-03-26T15:15:00 IST" duration-ms="1238" status="PASS">
          <reporter-output>
          </reporter-output>
        </test-method> <!-- test_Get_User -->
        <test-method signature="test_Update_User()[pri:3, instance:api.TestCases.TestUserModule@14dd9eb7]" started-at="2024-03-26T15:15:00 IST" name="test_Update_User" finished-at="2024-03-26T15:15:02 IST" duration-ms="2553" status="PASS">
          <reporter-output>
          </reporter-output>
        </test-method> <!-- test_Update_User -->
        <test-method signature="test_Delete_User()[pri:4, instance:api.TestCases.TestUserModule@14dd9eb7]" started-at="2024-03-26T15:15:02 IST" name="test_Delete_User" finished-at="2024-03-26T15:15:03 IST" duration-ms="1191" status="PASS">
          <reporter-output>
          </reporter-output>
        </test-method> <!-- test_Delete_User -->
      </class> <!-- api.TestCases.TestUserModule -->
    </test> <!-- Test -->
  </suite> <!-- Suite -->
</testng-results>
